[debug] [2021-10-20T17:10:37.647Z] ----------------------------------------------------------------------
[debug] [2021-10-20T17:10:37.649Z] Command:       C:\Program Files\nodejs\node.exe C:\Users\DCL\AppData\Roaming\npm\node_modules\firebase-tools\lib\bin\firebase.js deploy
[debug] [2021-10-20T17:10:37.650Z] CLI Version:   9.20.0
[debug] [2021-10-20T17:10:37.650Z] Platform:      win32
[debug] [2021-10-20T17:10:37.650Z] Node Version:  v14.17.5
[debug] [2021-10-20T17:10:37.654Z] Time:          Wed Oct 20 2021 23:10:37 GMT+0600 (Bangladesh Standard Time)
[debug] [2021-10-20T17:10:37.654Z] ----------------------------------------------------------------------
[debug] 
[debug] [2021-10-20T17:10:37.657Z] >>> [apiv2][query] GET https://firebase-public.firebaseio.com/cli.json [none]
[debug] [2021-10-20T17:10:37.744Z] Object ".hosting.rewrites[0]" in "firebase.json" has unknown property: {"additionalProperty":" destination"}
[debug] [2021-10-20T17:10:37.744Z] Object ".hosting.rewrites[0]" in "firebase.json" has unknown property: {"additionalProperty":" destination"}
[debug] [2021-10-20T17:10:37.744Z] Object ".hosting.rewrites[0]" in "firebase.json" has unknown property: {"additionalProperty":" destination"}
[debug] [2021-10-20T17:10:37.744Z] Object ".hosting.rewrites[0]" in "firebase.json" has unknown property: {"additionalProperty":" destination"}
[debug] [2021-10-20T17:10:37.744Z] Object ".hosting.rewrites[0]" in "firebase.json" has unknown property: {"additionalProperty":"source"}
[debug] [2021-10-20T17:10:37.745Z] Object ".hosting.rewrites[0]" in "firebase.json" has unknown property: {"additionalProperty":"source"}
[debug] [2021-10-20T17:10:37.745Z] Object ".hosting.rewrites[0]" in "firebase.json" has unknown property: {"additionalProperty":"source"}
[debug] [2021-10-20T17:10:37.745Z] Object ".hosting.rewrites[0]" in "firebase.json" has unknown property: {"additionalProperty":"source"}
[debug] [2021-10-20T17:10:37.745Z] Field ".hosting.rewrites[0]" in "firebase.json" is possibly invalid: should match some schema in anyOf
[debug] [2021-10-20T17:10:37.745Z] Field ".hosting" in "firebase.json" is possibly invalid: should be array
[debug] [2021-10-20T17:10:37.745Z] Field ".hosting" in "firebase.json" is possibly invalid: should match some schema in anyOf
[debug] [2021-10-20T17:10:37.751Z] > command requires scopes: ["email","openid","https://www.googleapis.com/auth/cloudplatformprojects.readonly","https://www.googleapis.com/auth/firebase","https://www.googleapis.com/auth/cloud-platform"]
[debug] [2021-10-20T17:10:37.752Z] > authorizing via signed-in user (salman20909@gmail.com)
[debug] [2021-10-20T17:10:37.752Z] [iam] checking project medicare-hospitals-ltd for permissions ["firebase.projects.get","firebasehosting.sites.update"]
[debug] [2021-10-20T17:10:37.754Z] > refreshing access token with scopes: ["email","https://www.googleapis.com/auth/cloud-platform","https://www.googleapis.com/auth/cloudplatformprojects.readonly","https://www.googleapis.com/auth/firebase","openid"]
[debug] [2021-10-20T17:10:37.754Z] >>> HTTP REQUEST POST https://www.googleapis.com/oauth2/v3/token  
 <request body omitted>
[debug] [2021-10-20T17:10:37.775Z] [iam] error while checking permissions, command may fail: FirebaseError: Authentication Error: Your credentials are no longer valid. Please run firebase login --reauth

For CI servers and headless environments, generate a new token with firebase login:ci
[debug] [2021-10-20T17:10:37.776Z] > refreshing access token with scopes: []
[debug] [2021-10-20T17:10:37.776Z] >>> HTTP REQUEST POST https://www.googleapis.com/oauth2/v3/token  
 <request body omitted>
[debug] [2021-10-20T17:10:37.781Z] Authentication Error: Your credentials are no longer valid. Please run firebase login --reauth

For CI servers and headless environments, generate a new token with firebase login:ci
[debug] [2021-10-20T17:10:37.793Z] FirebaseError: Authentication Error: Your credentials are no longer valid. Please run firebase login --reauth

For CI servers and headless environments, generate a new token with firebase login:ci
    at invalidCredentialError (C:\Users\DCL\AppData\Roaming\npm\node_modules\firebase-tools\lib\auth.js:141:12)
    at refreshTokens (C:\Users\DCL\AppData\Roaming\npm\node_modules\firebase-tools\lib\auth.js:448:15)
    at processTicksAndRejections (internal/process/task_queues.js:95:5)
    at async Client.getAccessToken (C:\Users\DCL\AppData\Roaming\npm\node_modules\firebase-tools\lib\apiv2.js:144:23)
    at async Client.addAuthHeader (C:\Users\DCL\AppData\Roaming\npm\node_modules\firebase-tools\lib\apiv2.js:135:21)
    at async Client.request (C:\Users\DCL\AppData\Roaming\npm\node_modules\firebase-tools\lib\apiv2.js:93:34)
    at async Object.getFirebaseProject (C:\Users\DCL\AppData\Roaming\npm\node_modules\firebase-tools\lib\management\projects.js:290:21)
    at async Object.getDefaultHostingSite (C:\Users\DCL\AppData\Roaming\npm\node_modules\firebase-tools\lib\getDefaultHostingSite.js:8:21)
    at async requireHostingSite (C:\Users\DCL\AppData\Roaming\npm\node_modules\firebase-tools\lib\requireHostingSite.js:9:18)
    at async Object.fn (C:\Users\DCL\AppData\Roaming\npm\node_modules\firebase-tools\lib\commands\deploy.js:65:9)
    at async C:\Users\DCL\AppData\Roaming\npm\node_modules\firebase-tools\lib\command.js:188:17
[error] 
[error] Error: Failed to get Firebase project medicare-hospitals-ltd. Please make sure the project exists and your account has permission to access it.
[debug] [2021-10-20T17:12:54.277Z] ----------------------------------------------------------------------
[debug] [2021-10-20T17:12:54.279Z] Command:       C:\Program Files\nodejs\node.exe C:\Users\DCL\AppData\Roaming\npm\node_modules\firebase-tools\lib\bin\firebase.js deploy
[debug] [2021-10-20T17:12:54.280Z] CLI Version:   9.20.0
[debug] [2021-10-20T17:12:54.280Z] Platform:      win32
[debug] [2021-10-20T17:12:54.280Z] Node Version:  v14.17.5
[debug] [2021-10-20T17:12:54.281Z] Time:          Wed Oct 20 2021 23:12:54 GMT+0600 (Bangladesh Standard Time)
[debug] [2021-10-20T17:12:54.281Z] ----------------------------------------------------------------------
[debug] 
[debug] [2021-10-20T17:12:54.283Z] >>> [apiv2][query] GET https://firebase-public.firebaseio.com/cli.json [none]
[debug] [2021-10-20T17:12:54.354Z] Object ".hosting.rewrites[0]" in "firebase.json" has unknown property: {"additionalProperty":" destination"}
[debug] [2021-10-20T17:12:54.354Z] Object ".hosting.rewrites[0]" in "firebase.json" has unknown property: {"additionalProperty":" destination"}
[debug] [2021-10-20T17:12:54.354Z] Object ".hosting.rewrites[0]" in "firebase.json" has unknown property: {"additionalProperty":" destination"}
[debug] [2021-10-20T17:12:54.354Z] Object ".hosting.rewrites[0]" in "firebase.json" has unknown property: {"additionalProperty":" destination"}
[debug] [2021-10-20T17:12:54.354Z] Object ".hosting.rewrites[0]" in "firebase.json" has unknown property: {"additionalProperty":"source"}
[debug] [2021-10-20T17:12:54.355Z] Object ".hosting.rewrites[0]" in "firebase.json" has unknown property: {"additionalProperty":"source"}
[debug] [2021-10-20T17:12:54.355Z] Object ".hosting.rewrites[0]" in "firebase.json" has unknown property: {"additionalProperty":"source"}
[debug] [2021-10-20T17:12:54.355Z] Object ".hosting.rewrites[0]" in "firebase.json" has unknown property: {"additionalProperty":"source"}
[debug] [2021-10-20T17:12:54.355Z] Field ".hosting.rewrites[0]" in "firebase.json" is possibly invalid: should match some schema in anyOf
[debug] [2021-10-20T17:12:54.355Z] Field ".hosting" in "firebase.json" is possibly invalid: should be array
[debug] [2021-10-20T17:12:54.355Z] Field ".hosting" in "firebase.json" is possibly invalid: should match some schema in anyOf
[debug] [2021-10-20T17:12:54.360Z] > command requires scopes: ["email","openid","https://www.googleapis.com/auth/cloudplatformprojects.readonly","https://www.googleapis.com/auth/firebase","https://www.googleapis.com/auth/cloud-platform"]
[debug] [2021-10-20T17:12:54.360Z] > authorizing via signed-in user (salman20909@gmail.com)
[debug] [2021-10-20T17:12:54.360Z] [iam] checking project medicare-hospitals-ltd for permissions ["firebase.projects.get","firebasehosting.sites.update"]
[debug] [2021-10-20T17:12:54.361Z] > refreshing access token with scopes: ["email","https://www.googleapis.com/auth/cloud-platform","https://www.googleapis.com/auth/cloudplatformprojects.readonly","https://www.googleapis.com/auth/firebase","openid"]
[debug] [2021-10-20T17:12:54.362Z] >>> HTTP REQUEST POST https://www.googleapis.com/oauth2/v3/token  
 <request body omitted>
[debug] [2021-10-20T17:12:54.599Z] <<< HTTP RESPONSE 200 {"date":"Wed, 20 Oct 2021 17:11:50 GMT","expires":"Mon, 01 Jan 1990 00:00:00 GMT","cache-control":"no-cache, no-store, max-age=0, must-revalidate","pragma":"no-cache","content-type":"application/json; charset=utf-8","vary":"X-Origin, Referer, Origin,Accept-Encoding","server":"scaffolding on HTTPServer2","x-xss-protection":"0","x-frame-options":"SAMEORIGIN","x-content-type-options":"nosniff","alt-svc":"h3=\":443\"; ma=2592000,h3-29=\":443\"; ma=2592000,h3-T051=\":443\"; ma=2592000,h3-Q050=\":443\"; ma=2592000,h3-Q046=\":443\"; ma=2592000,h3-Q043=\":443\"; ma=2592000,quic=\":443\"; ma=2592000; v=\"46,43\"","accept-ranges":"none","transfer-encoding":"chunked"}
[debug] [2021-10-20T17:12:54.616Z] >>> HTTP REQUEST POST https://cloudresourcemanager.googleapis.com/v1/projects/medicare-hospitals-ltd:testIamPermissions  
 {"permissions":["firebase.projects.get","firebasehosting.sites.update"]}
[debug] [2021-10-20T17:12:55.814Z] <<< [apiv2][status] GET https://firebase-public.firebaseio.com/cli.json 200
[debug] [2021-10-20T17:12:55.814Z] <<< [apiv2][body] GET https://firebase-public.firebaseio.com/cli.json {"cloudBuildErrorAfter":1594252800000,"cloudBuildWarnAfter":1590019200000,"defaultNode10After":1594252800000,"minVersion":"3.0.5","node8DeploysDisabledAfter":1613390400000,"node8RuntimeDisabledAfter":1615809600000,"node8WarnAfter":1600128000000}
[debug] [2021-10-20T17:12:56.099Z] <<< HTTP RESPONSE 200 {"content-type":"application/json; charset=UTF-8","vary":"X-Origin, Referer, Origin,Accept-Encoding","date":"Wed, 20 Oct 2021 17:11:51 GMT","server":"ESF","cache-control":"private","x-xss-protection":"0","x-frame-options":"SAMEORIGIN","x-content-type-options":"nosniff","server-timing":"gfet4t7; dur=1198","alt-svc":"h3=\":443\"; ma=2592000,h3-29=\":443\"; ma=2592000,h3-Q050=\":443\"; ma=2592000,h3-Q046=\":443\"; ma=2592000,h3-Q043=\":443\"; ma=2592000","accept-ranges":"none","transfer-encoding":"chunked"}
[debug] [2021-10-20T17:12:56.102Z] > refreshing access token with scopes: []
[debug] [2021-10-20T17:12:56.103Z] >>> HTTP REQUEST POST https://www.googleapis.com/oauth2/v3/token  
 <request body omitted>
[debug] [2021-10-20T17:12:56.303Z] <<< HTTP RESPONSE 200 {"pragma":"no-cache","expires":"Mon, 01 Jan 1990 00:00:00 GMT","cache-control":"no-cache, no-store, max-age=0, must-revalidate","date":"Wed, 20 Oct 2021 17:11:52 GMT","content-type":"application/json; charset=utf-8","vary":"X-Origin, Referer, Origin,Accept-Encoding","server":"scaffolding on HTTPServer2","x-xss-protection":"0","x-frame-options":"SAMEORIGIN","x-content-type-options":"nosniff","alt-svc":"h3=\":443\"; ma=2592000,h3-29=\":443\"; ma=2592000,h3-T051=\":443\"; ma=2592000,h3-Q050=\":443\"; ma=2592000,h3-Q046=\":443\"; ma=2592000,h3-Q043=\":443\"; ma=2592000,quic=\":443\"; ma=2592000; v=\"46,43\"","accept-ranges":"none","transfer-encoding":"chunked"}
[debug] [2021-10-20T17:12:56.324Z] >>> [apiv2][query] GET https://firebase.googleapis.com/v1beta1/projects/medicare-hospitals-ltd [none]
[debug] [2021-10-20T17:12:56.811Z] <<< [apiv2][status] GET https://firebase.googleapis.com/v1beta1/projects/medicare-hospitals-ltd 200
[debug] [2021-10-20T17:12:56.811Z] <<< [apiv2][body] GET https://firebase.googleapis.com/v1beta1/projects/medicare-hospitals-ltd {"projectId":"medicare-hospitals-ltd","projectNumber":"861039841854","displayName":"MediCare Hospitals Ltd","name":"projects/medicare-hospitals-ltd","resources":{"hostingSite":"medicare-hospitals-ltd"},"state":"ACTIVE"}
[info] 
[info] === Deploying to 'medicare-hospitals-ltd'...
[info] 
[info] i  deploying hosting 
[debug] [2021-10-20T17:12:56.827Z] > refreshing access token with scopes: ["email","https://www.googleapis.com/auth/cloud-platform","https://www.googleapis.com/auth/cloudplatformprojects.readonly","https://www.googleapis.com/auth/firebase","openid"]
[debug] [2021-10-20T17:12:56.827Z] >>> HTTP REQUEST POST https://www.googleapis.com/oauth2/v3/token  
 <request body omitted>
[debug] [2021-10-20T17:12:57.055Z] <<< HTTP RESPONSE 200 {"date":"Wed, 20 Oct 2021 17:11:52 GMT","cache-control":"no-cache, no-store, max-age=0, must-revalidate","expires":"Mon, 01 Jan 1990 00:00:00 GMT","pragma":"no-cache","content-type":"application/json; charset=utf-8","vary":"X-Origin, Referer, Origin,Accept-Encoding","server":"scaffolding on HTTPServer2","x-xss-protection":"0","x-frame-options":"SAMEORIGIN","x-content-type-options":"nosniff","alt-svc":"h3=\":443\"; ma=2592000,h3-29=\":443\"; ma=2592000,h3-T051=\":443\"; ma=2592000,h3-Q050=\":443\"; ma=2592000,h3-Q046=\":443\"; ma=2592000,h3-Q043=\":443\"; ma=2592000,quic=\":443\"; ma=2592000; v=\"46,43\"","accept-ranges":"none","transfer-encoding":"chunked"}
[debug] [2021-10-20T17:12:57.073Z] >>> HTTP REQUEST POST https://firebasehosting.googleapis.com/v1beta1/sites/medicare-hospitals-ltd/versions  
 {"config":{"rewrites":[{"glob":"**"}]},"labels":{"deployment-tool":"cli-firebase"}}
[debug] [2021-10-20T17:12:59.093Z] <<< HTTP RESPONSE 200 {"content-type":"application/json; charset=UTF-8","vary":"X-Origin, Referer, Origin,Accept-Encoding","date":"Wed, 20 Oct 2021 17:11:54 GMT","server":"ESF","cache-control":"private","x-xss-protection":"0","x-frame-options":"SAMEORIGIN","x-content-type-options":"nosniff","alt-svc":"h3=\":443\"; ma=2592000,h3-29=\":443\"; ma=2592000,h3-Q050=\":443\"; ma=2592000,h3-Q046=\":443\"; ma=2592000,h3-Q043=\":443\"; ma=2592000","accept-ranges":"none","transfer-encoding":"chunked"}
[info] i  hosting[medicare-hospitals-ltd]: beginning deploy... 
[info] i  hosting[medicare-hospitals-ltd]: found 23 files in build 
[debug] [2021-10-20T17:12:59.402Z] > refreshing access token with scopes: []
[debug] [2021-10-20T17:12:59.402Z] >>> HTTP REQUEST POST https://www.googleapis.com/oauth2/v3/token  
 <request body omitted>
[debug] [2021-10-20T17:12:59.403Z] [hosting] hash cache [YnVpbGQ] stored for 23 files
[debug] [2021-10-20T17:12:59.404Z] [hosting][hash queue][FINAL] {"max":265,"min":4,"avg":27.08695652173913,"active":0,"complete":23,"success":23,"errored":0,"retried":0,"total":23,"elapsed":274}
[debug] [2021-10-20T17:12:59.632Z] <<< HTTP RESPONSE 200 {"pragma":"no-cache","date":"Wed, 20 Oct 2021 17:11:55 GMT","cache-control":"no-cache, no-store, max-age=0, must-revalidate","expires":"Mon, 01 Jan 1990 00:00:00 GMT","content-type":"application/json; charset=utf-8","vary":"X-Origin, Referer, Origin,Accept-Encoding","server":"scaffolding on HTTPServer2","x-xss-protection":"0","x-frame-options":"SAMEORIGIN","x-content-type-options":"nosniff","alt-svc":"h3=\":443\"; ma=2592000,h3-29=\":443\"; ma=2592000,h3-T051=\":443\"; ma=2592000,h3-Q050=\":443\"; ma=2592000,h3-Q046=\":443\"; ma=2592000,h3-Q043=\":443\"; ma=2592000,quic=\":443\"; ma=2592000; v=\"46,43\"","accept-ranges":"none","transfer-encoding":"chunked"}
[debug] [2021-10-20T17:12:59.645Z] >>> [apiv2][query] POST https://firebasehosting.googleapis.com/v1beta1/sites/medicare-hospitals-ltd/versions/10d14e08886c13a5:populateFiles [none]
[debug] [2021-10-20T17:12:59.645Z] >>> [apiv2][body] POST https://firebasehosting.googleapis.com/v1beta1/sites/medicare-hospitals-ltd/versions/10d14e08886c13a5:populateFiles {"files":{"/a.json":"66233d3fce443f23dca15a83d7da47149ec5e6c70f065420a75f159de96072de","/address.json":"c87c4bc6a8bef1c3a29dce15680acd599630641aa4640e74cdd06e169750f86a","/favicon.ico":"d841aa1a83d72d62add3cfd23ce08fe0133edff599e851bf641bed817507aa5c","/manifest.json":"a40a4294484385ec155814f7d72caf5967a19f5efcbedf7a62b2cdff07e42711","/robots.txt":"bfe106a3fb878dc83461c86818bf74fc1bdc7f28538ba613cd3e775516ce8b49","/services.json":"0eb80b87da0e1b5dec927b63ca82c71d14cf9ba087f8a88b63028e61644af914","/specialists.json":"6b277c5841674331e297679f4b62dea4cb188a2e2290a1030e67a01de20ef5c9","/asset-manifest.json":"361b08efa3941056f1df1682fa80258b35aae8852b60106bcea6e3fc613e669c","/index.html":"4a4b9ccdc2a1391ace704ba27ab1f3affc2060e8bf9d6af4703a7025caa3927c","/static/css/main.f69a07ee.chunk.css":"b4a3619456775008746fff913a9ecd6871d31f8c65a9f288781ca0e79fe40aa4","/static/css/main.f69a07ee.chunk.css.map":"bcea5518897e88e427df50fd459030730d79a8218074be8c0dedc58152ff2195","/static/js/2.c248f489.chunk.js.LICENSE.txt":"6fa4f3871a2c662946654f4eadac1d6a3a2f8d66c56961fa2b56c2d03905ef5b","/static/js/3.8e400050.chunk.js":"3d2fa729d9be218df9d19dc64c88e30f5e0dc7c52786f5a96c99c0fbe4e95bce","/static/js/3.8e400050.chunk.js.map":"a65130b8a20b2e9e9f42fc6e50d658e104cc697fecf0d04b771bd4c1226d72ac","/static/js/main.2ad7166e.chunk.js":"8ac1b702ebd6fced1f22aa5f571a305682e668431ea4155fc6fdac8cd9891ff8","/static/js/runtime-main.3a00a2b8.js":"22fef3c0cab21915422f2992623d716e53a3a7f61a1a918b2ad6c40aabfca703","/static/js/runtime-main.3a00a2b8.js.map":"02cff5f77f4afa889425e30bb017d2dc67d2d9655dae4506b092f16240c09e7e","/static/js/main.2ad7166e.chunk.js.map":"16f5163b030529fb25d529121141d29a7b2eed0929cc1ce3cd41a57a302b72cd","/static/media/pay-banner.18588cb5.png":"6b2987ed90ce5c75fcc0197485d437111d389ab39027756f3ac99a39c1d0be48","/static/media/error.2b90eb9b.png":"3ccdae009340482249ef55c67da7c81c6961fd76130dcd25c9c676dc71e45f2f","/static/js/2.c248f489.chunk.js":"d62cc3fc8083410a7a2be1ba5f81843218fc72b4bf88aff8e0eb4ea7fb18a4a1","/static/media/banner.30913365.png":"6e55e1e6956e5f565ae13c6a3683bd12e5f76d980f0dbf1034b3ae493a1e8262","/static/js/2.c248f489.chunk.js.map":"1bd65037ffb6a03b6f6aed2db6c3e5376d1b3318b05aff61e6240566f9a0360f"}}
[debug] [2021-10-20T17:13:01.330Z] <<< [apiv2][status] POST https://firebasehosting.googleapis.com/v1beta1/sites/medicare-hospitals-ltd/versions/10d14e08886c13a5:populateFiles 200
[debug] [2021-10-20T17:13:01.330Z] <<< [apiv2][body] POST https://firebasehosting.googleapis.com/v1beta1/sites/medicare-hospitals-ltd/versions/10d14e08886c13a5:populateFiles {"uploadRequiredHashes":["bcea5518897e88e427df50fd459030730d79a8218074be8c0dedc58152ff2195","8ac1b702ebd6fced1f22aa5f571a305682e668431ea4155fc6fdac8cd9891ff8","16f5163b030529fb25d529121141d29a7b2eed0929cc1ce3cd41a57a302b72cd","b4a3619456775008746fff913a9ecd6871d31f8c65a9f288781ca0e79fe40aa4","4a4b9ccdc2a1391ace704ba27ab1f3affc2060e8bf9d6af4703a7025caa3927c","361b08efa3941056f1df1682fa80258b35aae8852b60106bcea6e3fc613e669c"],"uploadUrl":"https://upload-firebasehosting.googleapis.com/upload/sites/medicare-hospitals-ltd/versions/10d14e08886c13a5/files"}
[debug] [2021-10-20T17:13:01.338Z] >>> [apiv2][query] POST https://upload-firebasehosting.googleapis.com/upload/sites/medicare-hospitals-ltd/versions/10d14e08886c13a5/files/bcea5518897e88e427df50fd459030730d79a8218074be8c0dedc58152ff2195 [none]
[debug] [2021-10-20T17:13:01.338Z] >>> [apiv2][body] POST https://upload-firebasehosting.googleapis.com/upload/sites/medicare-hospitals-ltd/versions/10d14e08886c13a5/files/bcea5518897e88e427df50fd459030730d79a8218074be8c0dedc58152ff2195 [stream]
[debug] [2021-10-20T17:13:01.344Z] >>> [apiv2][query] POST https://upload-firebasehosting.googleapis.com/upload/sites/medicare-hospitals-ltd/versions/10d14e08886c13a5/files/8ac1b702ebd6fced1f22aa5f571a305682e668431ea4155fc6fdac8cd9891ff8 [none]
[debug] [2021-10-20T17:13:01.344Z] >>> [apiv2][body] POST https://upload-firebasehosting.googleapis.com/upload/sites/medicare-hospitals-ltd/versions/10d14e08886c13a5/files/8ac1b702ebd6fced1f22aa5f571a305682e668431ea4155fc6fdac8cd9891ff8 [stream]
[debug] [2021-10-20T17:13:01.348Z] >>> [apiv2][query] POST https://upload-firebasehosting.googleapis.com/upload/sites/medicare-hospitals-ltd/versions/10d14e08886c13a5/files/16f5163b030529fb25d529121141d29a7b2eed0929cc1ce3cd41a57a302b72cd [none]
[debug] [2021-10-20T17:13:01.348Z] >>> [apiv2][body] POST https://upload-firebasehosting.googleapis.com/upload/sites/medicare-hospitals-ltd/versions/10d14e08886c13a5/files/16f5163b030529fb25d529121141d29a7b2eed0929cc1ce3cd41a57a302b72cd [stream]
[debug] [2021-10-20T17:13:01.352Z] >>> [apiv2][query] POST https://upload-firebasehosting.googleapis.com/upload/sites/medicare-hospitals-ltd/versions/10d14e08886c13a5/files/b4a3619456775008746fff913a9ecd6871d31f8c65a9f288781ca0e79fe40aa4 [none]
[debug] [2021-10-20T17:13:01.352Z] >>> [apiv2][body] POST https://upload-firebasehosting.googleapis.com/upload/sites/medicare-hospitals-ltd/versions/10d14e08886c13a5/files/b4a3619456775008746fff913a9ecd6871d31f8c65a9f288781ca0e79fe40aa4 [stream]
[debug] [2021-10-20T17:13:01.354Z] >>> [apiv2][query] POST https://upload-firebasehosting.googleapis.com/upload/sites/medicare-hospitals-ltd/versions/10d14e08886c13a5/files/4a4b9ccdc2a1391ace704ba27ab1f3affc2060e8bf9d6af4703a7025caa3927c [none]
[debug] [2021-10-20T17:13:01.354Z] >>> [apiv2][body] POST https://upload-firebasehosting.googleapis.com/upload/sites/medicare-hospitals-ltd/versions/10d14e08886c13a5/files/4a4b9ccdc2a1391ace704ba27ab1f3affc2060e8bf9d6af4703a7025caa3927c [stream]
[debug] [2021-10-20T17:13:01.357Z] >>> [apiv2][query] POST https://upload-firebasehosting.googleapis.com/upload/sites/medicare-hospitals-ltd/versions/10d14e08886c13a5/files/361b08efa3941056f1df1682fa80258b35aae8852b60106bcea6e3fc613e669c [none]
[debug] [2021-10-20T17:13:01.357Z] >>> [apiv2][body] POST https://upload-firebasehosting.googleapis.com/upload/sites/medicare-hospitals-ltd/versions/10d14e08886c13a5/files/361b08efa3941056f1df1682fa80258b35aae8852b60106bcea6e3fc613e669c [stream]
[debug] [2021-10-20T17:13:01.359Z] [hosting][populate queue][FINAL] {"max":1935,"min":1935,"avg":1935,"active":0,"complete":1,"success":1,"errored":0,"retried":0,"total":1,"elapsed":1957}
[debug] [2021-10-20T17:13:01.359Z] [hosting] uploads queued: 6
[debug] [2021-10-20T17:13:03.092Z] <<< [apiv2][status] POST https://upload-firebasehosting.googleapis.com/upload/sites/medicare-hospitals-ltd/versions/10d14e08886c13a5/files/b4a3619456775008746fff913a9ecd6871d31f8c65a9f288781ca0e79fe40aa4 200
[debug] [2021-10-20T17:13:03.093Z] <<< [apiv2][body] POST https://upload-firebasehosting.googleapis.com/upload/sites/medicare-hospitals-ltd/versions/10d14e08886c13a5/files/b4a3619456775008746fff913a9ecd6871d31f8c65a9f288781ca0e79fe40aa4 [stream]
[debug] [2021-10-20T17:13:03.126Z] <<< [apiv2][status] POST https://upload-firebasehosting.googleapis.com/upload/sites/medicare-hospitals-ltd/versions/10d14e08886c13a5/files/bcea5518897e88e427df50fd459030730d79a8218074be8c0dedc58152ff2195 200
[debug] [2021-10-20T17:13:03.126Z] <<< [apiv2][body] POST https://upload-firebasehosting.googleapis.com/upload/sites/medicare-hospitals-ltd/versions/10d14e08886c13a5/files/bcea5518897e88e427df50fd459030730d79a8218074be8c0dedc58152ff2195 [stream]
[debug] [2021-10-20T17:13:03.127Z] <<< [apiv2][status] POST https://upload-firebasehosting.googleapis.com/upload/sites/medicare-hospitals-ltd/versions/10d14e08886c13a5/files/361b08efa3941056f1df1682fa80258b35aae8852b60106bcea6e3fc613e669c 200
[debug] [2021-10-20T17:13:03.128Z] <<< [apiv2][body] POST https://upload-firebasehosting.googleapis.com/upload/sites/medicare-hospitals-ltd/versions/10d14e08886c13a5/files/361b08efa3941056f1df1682fa80258b35aae8852b60106bcea6e3fc613e669c [stream]
[debug] [2021-10-20T17:13:03.147Z] <<< [apiv2][status] POST https://upload-firebasehosting.googleapis.com/upload/sites/medicare-hospitals-ltd/versions/10d14e08886c13a5/files/8ac1b702ebd6fced1f22aa5f571a305682e668431ea4155fc6fdac8cd9891ff8 200
[debug] [2021-10-20T17:13:03.147Z] <<< [apiv2][body] POST https://upload-firebasehosting.googleapis.com/upload/sites/medicare-hospitals-ltd/versions/10d14e08886c13a5/files/8ac1b702ebd6fced1f22aa5f571a305682e668431ea4155fc6fdac8cd9891ff8 [stream]
[debug] [2021-10-20T17:13:03.281Z] <<< [apiv2][status] POST https://upload-firebasehosting.googleapis.com/upload/sites/medicare-hospitals-ltd/versions/10d14e08886c13a5/files/4a4b9ccdc2a1391ace704ba27ab1f3affc2060e8bf9d6af4703a7025caa3927c 200
[debug] [2021-10-20T17:13:03.281Z] <<< [apiv2][body] POST https://upload-firebasehosting.googleapis.com/upload/sites/medicare-hospitals-ltd/versions/10d14e08886c13a5/files/4a4b9ccdc2a1391ace704ba27ab1f3affc2060e8bf9d6af4703a7025caa3927c [stream]
[debug] [2021-10-20T17:13:03.750Z] <<< [apiv2][status] POST https://upload-firebasehosting.googleapis.com/upload/sites/medicare-hospitals-ltd/versions/10d14e08886c13a5/files/16f5163b030529fb25d529121141d29a7b2eed0929cc1ce3cd41a57a302b72cd 200
[debug] [2021-10-20T17:13:03.751Z] <<< [apiv2][body] POST https://upload-firebasehosting.googleapis.com/upload/sites/medicare-hospitals-ltd/versions/10d14e08886c13a5/files/16f5163b030529fb25d529121141d29a7b2eed0929cc1ce3cd41a57a302b72cd [stream]
[debug] [2021-10-20T17:13:03.752Z] [hosting][upload queue][FINAL] {"max":2418,"min":1759,"avg":1920.3333333333333,"active":0,"complete":6,"success":6,"errored":0,"retried":0,"total":6,"elapsed":2421}
[info] +  hosting[medicare-hospitals-ltd]: file upload complete 
[debug] [2021-10-20T17:13:03.756Z] [hosting] deploy completed after 4659ms
[debug] [2021-10-20T17:13:03.765Z] [
  {
    "config": {
      "public": "build",
      "rewrites": [
        {
          "source": "**",
          " destination": "/index.html"
        }
      ],
      "ignore": [
        "firebase.json",
        "**/.*",
        "**/node_modules/**"
      ],
      "site": "medicare-hospitals-ltd"
    },
    "site": "medicare-hospitals-ltd",
    "version": "sites/medicare-hospitals-ltd/versions/10d14e08886c13a5"
  }
]
[info] i  hosting[medicare-hospitals-ltd]: finalizing version... 
[debug] [2021-10-20T17:13:03.768Z] > refreshing access token with scopes: ["email","https://www.googleapis.com/auth/cloud-platform","https://www.googleapis.com/auth/cloudplatformprojects.readonly","https://www.googleapis.com/auth/firebase","openid"]
[debug] [2021-10-20T17:13:03.769Z] >>> HTTP REQUEST POST https://www.googleapis.com/oauth2/v3/token  
 <request body omitted>
[debug] [2021-10-20T17:13:03.995Z] <<< HTTP RESPONSE 200 {"cache-control":"no-cache, no-store, max-age=0, must-revalidate","expires":"Mon, 01 Jan 1990 00:00:00 GMT","date":"Wed, 20 Oct 2021 17:11:59 GMT","pragma":"no-cache","content-type":"application/json; charset=utf-8","vary":"X-Origin, Referer, Origin,Accept-Encoding","server":"scaffolding on HTTPServer2","x-xss-protection":"0","x-frame-options":"SAMEORIGIN","x-content-type-options":"nosniff","alt-svc":"h3=\":443\"; ma=2592000,h3-29=\":443\"; ma=2592000,h3-T051=\":443\"; ma=2592000,h3-Q050=\":443\"; ma=2592000,h3-Q046=\":443\"; ma=2592000,h3-Q043=\":443\"; ma=2592000,quic=\":443\"; ma=2592000; v=\"46,43\"","accept-ranges":"none","transfer-encoding":"chunked"}
[debug] [2021-10-20T17:13:04.015Z] >>> HTTP REQUEST PATCH https://firebasehosting.googleapis.com/v1beta1/sites/medicare-hospitals-ltd/versions/10d14e08886c13a5?updateMask=status  
 {"status":"FINALIZED"}
[debug] [2021-10-20T17:13:05.587Z] <<< HTTP RESPONSE 200 {"content-type":"application/json; charset=UTF-8","vary":"X-Origin, Referer, Origin,Accept-Encoding","date":"Wed, 20 Oct 2021 17:12:01 GMT","server":"ESF","cache-control":"private","x-xss-protection":"0","x-frame-options":"SAMEORIGIN","x-content-type-options":"nosniff","alt-svc":"h3=\":443\"; ma=2592000,h3-29=\":443\"; ma=2592000,h3-Q050=\":443\"; ma=2592000,h3-Q046=\":443\"; ma=2592000,h3-Q043=\":443\"; ma=2592000","accept-ranges":"none","transfer-encoding":"chunked"}
[debug] [2021-10-20T17:13:05.588Z] [hosting] finalized version for medicare-hospitals-ltd: {"name":"sites/medicare-hospitals-ltd/versions/10d14e08886c13a5","status":"FINALIZED","config":{"rewrites":[{"glob":"**"}]},"labels":{"deployment-tool":"cli-firebase"},"createTime":"2021-10-20T17:11:54.545492Z","createUser":{"email":"salman20909@gmail.com"},"finalizeTime":"2021-10-20T17:12:01.272998Z","finalizeUser":{"email":"salman20909@gmail.com"}}
[info] +  hosting[medicare-hospitals-ltd]: version finalized 
[info] i  hosting[medicare-hospitals-ltd]: releasing new version... 
[debug] [2021-10-20T17:13:05.592Z] >>> HTTP REQUEST POST https://firebasehosting.googleapis.com/v1beta1/sites/medicare-hospitals-ltd/releases?version_name=sites/medicare-hospitals-ltd/versions/10d14e08886c13a5  
 {"message":null}
